2025-03-17T15:34:00.469+05:30  INFO 12980 --- [AddressBookApp] [main] c.e.A.AddressBookAppApplicationTests     : Starting AddressBookAppApplicationTests using Java 19.0.2 with PID 12980 (started by hn356w in C:\Users\hn356w\Desktop\AddressBookApp)
2025-03-17T15:34:00.469+05:30  INFO 12980 --- [AddressBookApp] [main] c.e.A.AddressBookAppApplicationTests     : No active profile set, falling back to 1 default profile: "default"
2025-03-17T15:34:01.659+05:30  INFO 12980 --- [AddressBookApp] [main] .s.d.r.c.RepositoryConfigurationDelegate : Bootstrapping Spring Data JPA repositories in DEFAULT mode.
2025-03-17T15:34:01.754+05:30  INFO 12980 --- [AddressBookApp] [main] .s.d.r.c.RepositoryConfigurationDelegate : Finished Spring Data repository scanning in 71 ms. Found 1 JPA repository interface.
2025-03-17T15:34:02.511+05:30  INFO 12980 --- [AddressBookApp] [main] o.hibernate.jpa.internal.util.LogHelper  : HHH000204: Processing PersistenceUnitInfo [name: default]
2025-03-17T15:34:02.610+05:30  INFO 12980 --- [AddressBookApp] [main] org.hibernate.Version                    : HHH000412: Hibernate ORM core version 6.6.8.Final
2025-03-17T15:34:02.676+05:30  INFO 12980 --- [AddressBookApp] [main] o.h.c.internal.RegionFactoryInitiator    : HHH000026: Second-level cache disabled
2025-03-17T15:34:03.242+05:30  INFO 12980 --- [AddressBookApp] [main] o.s.o.j.p.SpringPersistenceUnitInfo      : No LoadTimeWeaver setup: ignoring JPA class transformer
2025-03-17T15:34:03.292+05:30  INFO 12980 --- [AddressBookApp] [main] com.zaxxer.hikari.HikariDataSource       : HikariPool-1 - Starting...
2025-03-17T15:34:03.898+05:30  INFO 12980 --- [AddressBookApp] [main] com.zaxxer.hikari.pool.HikariPool        : HikariPool-1 - Added connection com.mysql.cj.jdbc.ConnectionImpl@652b3733
2025-03-17T15:34:03.898+05:30  INFO 12980 --- [AddressBookApp] [main] com.zaxxer.hikari.HikariDataSource       : HikariPool-1 - Start completed.
2025-03-17T15:34:04.016+05:30  WARN 12980 --- [AddressBookApp] [main] org.hibernate.orm.deprecation            : HHH90000025: MySQL8Dialect does not need to be specified explicitly using 'hibernate.dialect' (remove the property setting and it will be selected by default)
2025-03-17T15:34:04.020+05:30  WARN 12980 --- [AddressBookApp] [main] org.hibernate.orm.deprecation            : HHH90000026: MySQL8Dialect has been deprecated; use org.hibernate.dialect.MySQLDialect instead
2025-03-17T15:34:04.057+05:30  INFO 12980 --- [AddressBookApp] [main] org.hibernate.orm.connections.pooling    : HHH10001005: Database info:
	Database JDBC URL [Connecting through datasource 'HikariDataSource (HikariPool-1)']
	Database driver: undefined/unknown
	Database version: 8.0
	Autocommit mode: undefined/unknown
	Isolation level: undefined/unknown
	Minimum pool size: undefined/unknown
	Maximum pool size: undefined/unknown
2025-03-17T15:34:05.166+05:30  INFO 12980 --- [AddressBookApp] [main] o.h.e.t.j.p.i.JtaPlatformInitiator       : HHH000489: No JTA platform available (set 'hibernate.transaction.jta.platform' to enable JTA platform integration)
2025-03-17T15:34:05.212+05:30  INFO 12980 --- [AddressBookApp] [main] j.LocalContainerEntityManagerFactoryBean : Initialized JPA EntityManagerFactory for persistence unit 'default'
2025-03-17T15:34:05.871+05:30  WARN 12980 --- [AddressBookApp] [main] JpaBaseConfiguration$JpaWebConfiguration : spring.jpa.open-in-view is enabled by default. Therefore, database queries may be performed during view rendering. Explicitly configure spring.jpa.open-in-view to disable this warning
2025-03-17T15:34:06.524+05:30  INFO 12980 --- [AddressBookApp] [main] c.e.A.AddressBookAppApplicationTests     : Started AddressBookAppApplicationTests in 6.928 seconds (process running for 8.718)
2025-03-17T15:34:07.254+05:30  INFO 12980 --- [AddressBookApp] [SpringApplicationShutdownHook] j.LocalContainerEntityManagerFactoryBean : Closing JPA EntityManagerFactory for persistence unit 'default'
2025-03-17T15:34:07.262+05:30  INFO 12980 --- [AddressBookApp] [SpringApplicationShutdownHook] com.zaxxer.hikari.HikariDataSource       : HikariPool-1 - Shutdown initiated...
2025-03-17T15:34:07.279+05:30  INFO 12980 --- [AddressBookApp] [SpringApplicationShutdownHook] com.zaxxer.hikari.HikariDataSource       : HikariPool-1 - Shutdown completed.
2025-03-17T15:44:36.289+05:30  INFO 11568 --- [AddressBookApp] [restartedMain] c.e.A.AddressBookAppApplication          : Starting AddressBookAppApplication using Java 23.0.2 with PID 11568 (C:\Users\hn356w\Desktop\AddressBookApp\target\classes started by hn356w in C:\Users\hn356w\Desktop\AddressBookApp)
2025-03-17T15:44:36.292+05:30 DEBUG 11568 --- [AddressBookApp] [restartedMain] c.e.A.AddressBookAppApplication          : Running with Spring Boot v3.4.3, Spring v6.2.3
2025-03-17T15:44:36.293+05:30  INFO 11568 --- [AddressBookApp] [restartedMain] c.e.A.AddressBookAppApplication          : No active profile set, falling back to 1 default profile: "default"
2025-03-17T15:44:36.431+05:30  INFO 11568 --- [AddressBookApp] [restartedMain] .e.DevToolsPropertyDefaultsPostProcessor : Devtools property defaults active! Set 'spring.devtools.add-properties' to 'false' to disable
2025-03-17T15:44:36.431+05:30  INFO 11568 --- [AddressBookApp] [restartedMain] .e.DevToolsPropertyDefaultsPostProcessor : For additional web related logging consider setting the 'logging.level.web' property to 'DEBUG'
2025-03-17T15:44:37.474+05:30  INFO 11568 --- [AddressBookApp] [restartedMain] .s.d.r.c.RepositoryConfigurationDelegate : Bootstrapping Spring Data JPA repositories in DEFAULT mode.
2025-03-17T15:44:37.550+05:30  INFO 11568 --- [AddressBookApp] [restartedMain] .s.d.r.c.RepositoryConfigurationDelegate : Finished Spring Data repository scanning in 61 ms. Found 1 JPA repository interface.
2025-03-17T15:44:38.371+05:30  INFO 11568 --- [AddressBookApp] [restartedMain] o.s.b.w.embedded.tomcat.TomcatWebServer  : Tomcat initialized with port 8080 (http)
2025-03-17T15:44:38.394+05:30  INFO 11568 --- [AddressBookApp] [restartedMain] o.apache.catalina.core.StandardService   : Starting service [Tomcat]
2025-03-17T15:44:38.395+05:30  INFO 11568 --- [AddressBookApp] [restartedMain] o.apache.catalina.core.StandardEngine    : Starting Servlet engine: [Apache Tomcat/10.1.36]
2025-03-17T15:44:38.448+05:30  INFO 11568 --- [AddressBookApp] [restartedMain] o.a.c.c.C.[Tomcat].[localhost].[/]       : Initializing Spring embedded WebApplicationContext
2025-03-17T15:44:38.449+05:30  INFO 11568 --- [AddressBookApp] [restartedMain] w.s.c.ServletWebServerApplicationContext : Root WebApplicationContext: initialization completed in 2017 ms
2025-03-17T15:44:38.682+05:30  INFO 11568 --- [AddressBookApp] [restartedMain] o.hibernate.jpa.internal.util.LogHelper  : HHH000204: Processing PersistenceUnitInfo [name: default]
2025-03-17T15:44:38.747+05:30  INFO 11568 --- [AddressBookApp] [restartedMain] org.hibernate.Version                    : HHH000412: Hibernate ORM core version 6.6.8.Final
2025-03-17T15:44:38.791+05:30  INFO 11568 --- [AddressBookApp] [restartedMain] o.h.c.internal.RegionFactoryInitiator    : HHH000026: Second-level cache disabled
2025-03-17T15:44:39.209+05:30  INFO 11568 --- [AddressBookApp] [restartedMain] o.s.o.j.p.SpringPersistenceUnitInfo      : No LoadTimeWeaver setup: ignoring JPA class transformer
2025-03-17T15:44:39.253+05:30  INFO 11568 --- [AddressBookApp] [restartedMain] com.zaxxer.hikari.HikariDataSource       : HikariPool-1 - Starting...
2025-03-17T15:44:39.708+05:30  INFO 11568 --- [AddressBookApp] [restartedMain] com.zaxxer.hikari.pool.HikariPool        : HikariPool-1 - Added connection com.mysql.cj.jdbc.ConnectionImpl@167fa43b
2025-03-17T15:44:39.711+05:30  INFO 11568 --- [AddressBookApp] [restartedMain] com.zaxxer.hikari.HikariDataSource       : HikariPool-1 - Start completed.
2025-03-17T15:44:39.768+05:30  WARN 11568 --- [AddressBookApp] [restartedMain] org.hibernate.orm.deprecation            : HHH90000025: MySQL8Dialect does not need to be specified explicitly using 'hibernate.dialect' (remove the property setting and it will be selected by default)
2025-03-17T15:44:39.769+05:30  WARN 11568 --- [AddressBookApp] [restartedMain] org.hibernate.orm.deprecation            : HHH90000026: MySQL8Dialect has been deprecated; use org.hibernate.dialect.MySQLDialect instead
2025-03-17T15:44:39.794+05:30  INFO 11568 --- [AddressBookApp] [restartedMain] org.hibernate.orm.connections.pooling    : HHH10001005: Database info:
	Database JDBC URL [Connecting through datasource 'HikariDataSource (HikariPool-1)']
	Database driver: undefined/unknown
	Database version: 8.0
	Autocommit mode: undefined/unknown
	Isolation level: undefined/unknown
	Minimum pool size: undefined/unknown
	Maximum pool size: undefined/unknown
2025-03-17T15:44:40.725+05:30  INFO 11568 --- [AddressBookApp] [restartedMain] o.h.e.t.j.p.i.JtaPlatformInitiator       : HHH000489: No JTA platform available (set 'hibernate.transaction.jta.platform' to enable JTA platform integration)
2025-03-17T15:44:40.772+05:30  INFO 11568 --- [AddressBookApp] [restartedMain] j.LocalContainerEntityManagerFactoryBean : Initialized JPA EntityManagerFactory for persistence unit 'default'
2025-03-17T15:44:41.138+05:30  WARN 11568 --- [AddressBookApp] [restartedMain] JpaBaseConfiguration$JpaWebConfiguration : spring.jpa.open-in-view is enabled by default. Therefore, database queries may be performed during view rendering. Explicitly configure spring.jpa.open-in-view to disable this warning
2025-03-17T15:44:41.595+05:30  INFO 11568 --- [AddressBookApp] [restartedMain] o.s.b.d.a.OptionalLiveReloadServer       : LiveReload server is running on port 35729
2025-03-17T15:44:41.637+05:30  INFO 11568 --- [AddressBookApp] [restartedMain] o.s.b.w.embedded.tomcat.TomcatWebServer  : Tomcat started on port 8080 (http) with context path '/'
2025-03-17T15:44:41.649+05:30  INFO 11568 --- [AddressBookApp] [restartedMain] c.e.A.AddressBookAppApplication          : Started AddressBookAppApplication in 6.131 seconds (process running for 6.854)
2025-03-17T15:45:51.306+05:30  INFO 11568 --- [AddressBookApp] [SpringApplicationShutdownHook] o.s.b.w.e.tomcat.GracefulShutdown        : Commencing graceful shutdown. Waiting for active requests to complete
2025-03-17T15:45:51.317+05:30  INFO 11568 --- [AddressBookApp] [tomcat-shutdown] o.s.b.w.e.tomcat.GracefulShutdown        : Graceful shutdown complete
2025-03-17T15:45:51.328+05:30  INFO 11568 --- [AddressBookApp] [SpringApplicationShutdownHook] j.LocalContainerEntityManagerFactoryBean : Closing JPA EntityManagerFactory for persistence unit 'default'
2025-03-17T15:45:51.334+05:30  INFO 11568 --- [AddressBookApp] [SpringApplicationShutdownHook] com.zaxxer.hikari.HikariDataSource       : HikariPool-1 - Shutdown initiated...
2025-03-17T15:45:51.353+05:30  INFO 11568 --- [AddressBookApp] [SpringApplicationShutdownHook] com.zaxxer.hikari.HikariDataSource       : HikariPool-1 - Shutdown completed.
